# JRE version: OpenJDK Runtime Environment (8.0_152-b01) (build 1.8.0_152-release-1024-b01)
# Java VM: OpenJDK 64-Bit Server VM (25.152-b01 mixed mode linux-amd64 compressed oops)
Heap:
 PSYoungGen      total 367616K, used 35413K [0x00000000e0000000, 0x0000000100000000, 0x0000000100000000)
  eden space 206848K, 0% used [0x00000000e0000000,0x00000000e0000000,0x00000000eca00000)
  from space 160768K, 22% used [0x00000000f6300000,0x00000000f8595720,0x0000000100000000)
  to   space 156672K, 0% used [0x00000000eca00000,0x00000000eca00000,0x00000000f6300000)
 ParOldGen       total 286720K, used 277656K [0x00000000a0000000, 0x00000000b1800000, 0x00000000e0000000)
  object space 286720K, 96% used [0x00000000a0000000,0x00000000b0f26000,0x00000000b1800000)
 Metaspace       used 100842K, capacity 108074K, committed 108160K, reserved 1142784K
  class space    used 12390K, capacity 13889K, committed 13952K, reserved 1048576K
GC Heap History (10 events):
Event: 24522,982 GC heap after
Heap after GC invocations=84 (full 4):
 PSYoungGen      total 379904K, used 106954K [0x00000000e0000000, 0x0000000100000000, 0x0000000100000000)
  eden space 267264K, 0% used [0x00000000e0000000,0x00000000e0000000,0x00000000f0500000)
  from space 112640K, 94% used [0x00000000f9200000,0x00000000ffa72ba0,0x0000000100000000)
  to   space 128512K, 0% used [0x00000000f0500000,0x00000000f0500000,0x00000000f8280000)
 ParOldGen       total 286720K, used 155727K [0x00000000a0000000, 0x00000000b1800000, 0x00000000e0000000)
  object space 286720K, 54% used [0x00000000a0000000,0x00000000a9813e58,0x00000000b1800000)
 Metaspace       used 100828K, capacity 108074K, committed 108160K, reserved 1142784K
  class space    used 12390K, capacity 13889K, committed 13952K, reserved 1048576K
}
Event: 24524,873 GC heap before
{Heap before GC invocations=85 (full 4):
 PSYoungGen      total 379904K, used 374218K [0x00000000e0000000, 0x0000000100000000, 0x0000000100000000)
  eden space 267264K, 100% used [0x00000000e0000000,0x00000000f0500000,0x00000000f0500000)
  from space 112640K, 94% used [0x00000000f9200000,0x00000000ffa72ba0,0x0000000100000000)
  to   space 128512K, 0% used [0x00000000f0500000,0x00000000f0500000,0x00000000f8280000)
 ParOldGen       total 286720K, used 155727K [0x00000000a0000000, 0x00000000b1800000, 0x00000000e0000000)
  object space 286720K, 54% used [0x00000000a0000000,0x00000000a9813e58,0x00000000b1800000)
 Metaspace       used 100839K, capacity 108074K, committed 108160K, reserved 1142784K
  class space    used 12390K, capacity 13889K, committed 13952K, reserved 1048576K
Event: 24525,081 GC heap after
Heap after GC invocations=85 (full 4):
 PSYoungGen      total 390656K, used 122969K [0x00000000e0000000, 0x0000000100000000, 0x0000000100000000)
  eden space 267264K, 0% used [0x00000000e0000000,0x00000000e0000000,0x00000000f0500000)
  from space 123392K, 99% used [0x00000000f0500000,0x00000000f7d167e0,0x00000000f7d80000)
  to   space 133632K, 0% used [0x00000000f7d80000,0x00000000f7d80000,0x0000000100000000)
 ParOldGen       total 286720K, used 155783K [0x00000000a0000000, 0x00000000b1800000, 0x00000000e0000000)
  object space 286720K, 54% used [0x00000000a0000000,0x00000000a9821e58,0x00000000b1800000)
 Metaspace       used 100839K, capacity 108074K, committed 108160K, reserved 1142784K
  class space    used 12390K, capacity 13889K, committed 13952K, reserved 1048576K
}
Event: 24526,595 GC heap before
{Heap before GC invocations=86 (full 4):
 PSYoungGen      total 390656K, used 390233K [0x00000000e0000000, 0x0000000100000000, 0x0000000100000000)
  eden space 267264K, 100% used [0x00000000e0000000,0x00000000f0500000,0x00000000f0500000)
  from space 123392K, 99% used [0x00000000f0500000,0x00000000f7d167e0,0x00000000f7d80000)
  to   space 133632K, 0% used [0x00000000f7d80000,0x00000000f7d80000,0x0000000100000000)
 ParOldGen       total 286720K, used 155791K [0x00000000a0000000, 0x00000000b1800000, 0x00000000e0000000)
  object space 286720K, 54% used [0x00000000a0000000,0x00000000a9823e68,0x00000000b1800000)
 Metaspace       used 100842K, capacity 108074K, committed 108160K, reserved 1142784K
  class space    used 12390K, capacity 13889K, committed 13952K, reserved 1048576K
Event: 24526,673 GC heap after
Heap after GC invocations=86 (full 4):
 PSYoungGen      total 342528K, used 111112K [0x00000000e0000000, 0x0000000100000000, 0x0000000100000000)
  eden space 208896K, 0% used [0x00000000e0000000,0x00000000e0000000,0x00000000ecc00000)
  from space 133632K, 83% used [0x00000000f7d80000,0x00000000fea022b0,0x0000000100000000)
  to   space 157696K, 0% used [0x00000000ecc00000,0x00000000ecc00000,0x00000000f6600000)
 ParOldGen       total 286720K, used 155847K [0x00000000a0000000, 0x00000000b1800000, 0x00000000e0000000)
  object space 286720K, 54% used [0x00000000a0000000,0x00000000a9831e68,0x00000000b1800000)
 Metaspace       used 100842K, capacity 108074K, committed 108160K, reserved 1142784K
  class space    used 12390K, capacity 13889K, committed 13952K, reserved 1048576K
}
Event: 24527,349 GC heap before
{Heap before GC invocations=87 (full 4):
 PSYoungGen      total 342528K, used 319384K [0x00000000e0000000, 0x0000000100000000, 0x0000000100000000)
  eden space 208896K, 99% used [0x00000000e0000000,0x00000000ecb63d58,0x00000000ecc00000)
  from space 133632K, 83% used [0x00000000f7d80000,0x00000000fea022b0,0x0000000100000000)
  to   space 157696K, 0% used [0x00000000ecc00000,0x00000000ecc00000,0x00000000f6600000)
 ParOldGen       total 286720K, used 220360K [0x00000000a0000000, 0x00000000b1800000, 0x00000000e0000000)
  object space 286720K, 76% used [0x00000000a0000000,0x00000000ad732258,0x00000000b1800000)
 Metaspace       used 100842K, capacity 108074K, committed 108160K, reserved 1142784K
  class space    used 12390K, capacity 13889K, committed 13952K, reserved 1048576K
Event: 24527,427 GC heap after
Heap after GC invocations=87 (full 4):
 PSYoungGen      total 307200K, used 98042K [0x00000000e0000000, 0x0000000100000000, 0x0000000100000000)
  eden space 208896K, 0% used [0x00000000e0000000,0x00000000e0000000,0x00000000ecc00000)
  from space 98304K, 99% used [0x00000000ecc00000,0x00000000f2bbeb88,0x00000000f2c00000)
  to   space 160768K, 0% used [0x00000000f6300000,0x00000000f6300000,0x0000000100000000)
 ParOldGen       total 286720K, used 231173K [0x00000000a0000000, 0x00000000b1800000, 0x00000000e0000000)
  object space 286720K, 80% used [0x00000000a0000000,0x00000000ae1c16e0,0x00000000b1800000)
 Metaspace       used 100842K, capacity 108074K, committed 108160K, reserved 1142784K
  class space    used 12390K, capacity 13889K, committed 13952K, reserved 1048576K
}
Event: 24527,465 GC heap before
{Heap before GC invocations=88 (full 4):
 PSYoungGen      total 307200K, used 306690K [0x00000000e0000000, 0x0000000100000000, 0x0000000100000000)
  eden space 208896K, 99% used [0x00000000e0000000,0x00000000ecbc1d38,0x00000000ecc00000)
  from space 98304K, 99% used [0x00000000ecc00000,0x00000000f2bbeb88,0x00000000f2c00000)
  to   space 160768K, 0% used [0x00000000f6300000,0x00000000f6300000,0x0000000100000000)
 ParOldGen       total 286720K, used 231173K [0x00000000a0000000, 0x00000000b1800000, 0x00000000e0000000)
  object space 286720K, 80% used [0x00000000a0000000,0x00000000ae1c16e0,0x00000000b1800000)
 Metaspace       used 100842K, capacity 108074K, committed 108160K, reserved 1142784K
  class space    used 12390K, capacity 13889K, committed 13952K, reserved 1048576K
Event: 24527,540 GC heap after
Heap after GC invocations=88 (full 4):
 PSYoungGen      total 367616K, used 35413K [0x00000000e0000000, 0x0000000100000000, 0x0000000100000000)
  eden space 206848K, 0% used [0x00000000e0000000,0x00000000e0000000,0x00000000eca00000)
  from space 160768K, 22% used [0x00000000f6300000,0x00000000f8595720,0x0000000100000000)
  to   space 156672K, 0% used [0x00000000eca00000,0x00000000eca00000,0x00000000f6300000)
 ParOldGen       total 286720K, used 277656K [0x00000000a0000000, 0x00000000b1800000, 0x00000000e0000000)
  object space 286720K, 96% used [0x00000000a0000000,0x00000000b0f26000,0x00000000b1800000)
 Metaspace       used 100842K, capacity 108074K, committed 108160K, reserved 1142784K
  class space    used 12390K, capacity 13889K, committed 13952K, reserved 1048576K
}
Event: 24527,540 GC heap before
{Heap before GC invocations=89 (full 5):
 PSYoungGen      total 367616K, used 35413K [0x00000000e0000000, 0x0000000100000000, 0x0000000100000000)
  eden space 206848K, 0% used [0x00000000e0000000,0x00000000e0000000,0x00000000eca00000)
  from space 160768K, 22% used [0x00000000f6300000,0x00000000f8595720,0x0000000100000000)
  to   space 156672K, 0% used [0x00000000eca00000,0x00000000eca00000,0x00000000f6300000)
 ParOldGen       total 286720K, used 277656K [0x00000000a0000000, 0x00000000b1800000, 0x00000000e0000000)
  object space 286720K, 96% used [0x00000000a0000000,0x00000000b0f26000,0x00000000b1800000)
 Metaspace       used 100842K, capacity 108074K, committed 108160K, reserved 1142784K
  class space    used 12390K, capacity 13889K, committed 13952K, reserved 1048576K

